CRITICAL - 2025-09-03 15:22:27 --> ErrorException: Undefined array key "aksi"
[Method: GET, Route: Mahasiswa]
in APPPATH\Views\Mahasiswa\mahasiswa.php on line 20.
 1 APPPATH\Views\Mahasiswa\mahasiswa.php(20): CodeIgniter\Debug\Exceptions->errorHandler(2, 'Undefined array key "aksi"', 'C:\\xampp\\htdocs\\Code Igniter\\CI_Mahasiswa_Detail\\app\\Views\\Mahasiswa\\mahasiswa.php', 20)
 2 SYSTEMPATH\View\View.php(226): include('C:\\xampp\\htdocs\\Code Igniter\\CI_Mahasiswa_Detail\\app\\Views\\Mahasiswa\\mahasiswa.php')
 3 SYSTEMPATH\View\View.php(229): CodeIgniter\View\View->CodeIgniter\View\{closure}()
 4 SYSTEMPATH\Common.php(1167): CodeIgniter\View\View->render('Mahasiswa/mahasiswa', [], true)
 5 APPPATH\Controllers\Mahasiswa.php(14): view('Mahasiswa/mahasiswa', [...])
 6 SYSTEMPATH\CodeIgniter.php(933): App\Controllers\Mahasiswa->display()
 7 SYSTEMPATH\CodeIgniter.php(507): CodeIgniter\CodeIgniter->runController(Object(App\Controllers\Mahasiswa))
 8 SYSTEMPATH\CodeIgniter.php(354): CodeIgniter\CodeIgniter->handleRequest(null, Object(Config\Cache), false)
 9 SYSTEMPATH\Boot.php(363): CodeIgniter\CodeIgniter->run()
10 SYSTEMPATH\Boot.php(68): CodeIgniter\Boot::runCodeIgniter(Object(CodeIgniter\CodeIgniter))
11 FCPATH\index.php(59): CodeIgniter\Boot::bootWeb(Object(Config\Paths))
12 SYSTEMPATH\rewrite.php(44): require_once('C:\\xampp\\htdocs\\Code Igniter\\CI_Mahasiswa_Detail\\public\\index.php')
CRITICAL - 2025-09-03 15:22:28 --> ErrorException: Undefined array key "aksi"
[Method: GET, Route: Mahasiswa]
in APPPATH\Views\Mahasiswa\mahasiswa.php on line 20.
 1 APPPATH\Views\Mahasiswa\mahasiswa.php(20): CodeIgniter\Debug\Exceptions->errorHandler(2, 'Undefined array key "aksi"', 'C:\\xampp\\htdocs\\Code Igniter\\CI_Mahasiswa_Detail\\app\\Views\\Mahasiswa\\mahasiswa.php', 20)
 2 SYSTEMPATH\View\View.php(226): include('C:\\xampp\\htdocs\\Code Igniter\\CI_Mahasiswa_Detail\\app\\Views\\Mahasiswa\\mahasiswa.php')
 3 SYSTEMPATH\View\View.php(229): CodeIgniter\View\View->CodeIgniter\View\{closure}()
 4 SYSTEMPATH\Common.php(1167): CodeIgniter\View\View->render('Mahasiswa/mahasiswa', [], true)
 5 APPPATH\Controllers\Mahasiswa.php(14): view('Mahasiswa/mahasiswa', [...])
 6 SYSTEMPATH\CodeIgniter.php(933): App\Controllers\Mahasiswa->display()
 7 SYSTEMPATH\CodeIgniter.php(507): CodeIgniter\CodeIgniter->runController(Object(App\Controllers\Mahasiswa))
 8 SYSTEMPATH\CodeIgniter.php(354): CodeIgniter\CodeIgniter->handleRequest(null, Object(Config\Cache), false)
 9 SYSTEMPATH\Boot.php(363): CodeIgniter\CodeIgniter->run()
10 SYSTEMPATH\Boot.php(68): CodeIgniter\Boot::runCodeIgniter(Object(CodeIgniter\CodeIgniter))
11 FCPATH\index.php(59): CodeIgniter\Boot::bootWeb(Object(Config\Paths))
12 SYSTEMPATH\rewrite.php(44): require_once('C:\\xampp\\htdocs\\Code Igniter\\CI_Mahasiswa_Detail\\public\\index.php')
CRITICAL - 2025-09-03 15:29:17 --> ErrorException: Undefined property: App\Controllers\Mahasiswa::$load
[Method: GET, Route: Mahasiswa/detail/241511073]
in APPPATH\Controllers\Mahasiswa.php on line 19.
 1 APPPATH\Controllers\Mahasiswa.php(19): CodeIgniter\Debug\Exceptions->errorHandler(2, 'Undefined property: App\\Controllers\\Mahasiswa::$load', 'C:\\xampp\\htdocs\\Code Igniter\\CI_Mahasiswa_Detail\\app\\Controllers\\Mahasiswa.php', 19)
 2 SYSTEMPATH\CodeIgniter.php(933): App\Controllers\Mahasiswa->detail('241511073')
 3 SYSTEMPATH\CodeIgniter.php(507): CodeIgniter\CodeIgniter->runController(Object(App\Controllers\Mahasiswa))
 4 SYSTEMPATH\CodeIgniter.php(354): CodeIgniter\CodeIgniter->handleRequest(null, Object(Config\Cache), false)
 5 SYSTEMPATH\Boot.php(363): CodeIgniter\CodeIgniter->run()
 6 SYSTEMPATH\Boot.php(68): CodeIgniter\Boot::runCodeIgniter(Object(CodeIgniter\CodeIgniter))
 7 FCPATH\index.php(59): CodeIgniter\Boot::bootWeb(Object(Config\Paths))
 8 SYSTEMPATH\rewrite.php(44): require_once('C:\\xampp\\htdocs\\Code Igniter\\CI_Mahasiswa_Detail\\public\\index.php')
CRITICAL - 2025-09-03 15:29:19 --> ErrorException: Undefined property: App\Controllers\Mahasiswa::$load
[Method: GET, Route: Mahasiswa/detail/241511073]
in APPPATH\Controllers\Mahasiswa.php on line 19.
 1 APPPATH\Controllers\Mahasiswa.php(19): CodeIgniter\Debug\Exceptions->errorHandler(2, 'Undefined property: App\\Controllers\\Mahasiswa::$load', 'C:\\xampp\\htdocs\\Code Igniter\\CI_Mahasiswa_Detail\\app\\Controllers\\Mahasiswa.php', 19)
 2 SYSTEMPATH\CodeIgniter.php(933): App\Controllers\Mahasiswa->detail('241511073')
 3 SYSTEMPATH\CodeIgniter.php(507): CodeIgniter\CodeIgniter->runController(Object(App\Controllers\Mahasiswa))
 4 SYSTEMPATH\CodeIgniter.php(354): CodeIgniter\CodeIgniter->handleRequest(null, Object(Config\Cache), false)
 5 SYSTEMPATH\Boot.php(363): CodeIgniter\CodeIgniter->run()
 6 SYSTEMPATH\Boot.php(68): CodeIgniter\Boot::runCodeIgniter(Object(CodeIgniter\CodeIgniter))
 7 FCPATH\index.php(59): CodeIgniter\Boot::bootWeb(Object(Config\Paths))
 8 SYSTEMPATH\rewrite.php(44): require_once('C:\\xampp\\htdocs\\Code Igniter\\CI_Mahasiswa_Detail\\public\\index.php')
