ERROR - 2025-09-06 01:13:56 --> Error connecting to the database: mysqli_sql_exception: No connection could be made because the target machine actively refused it in C:\xampp\htdocs\Code Igniter\CI_Mahasiswa_Detail\system\Database\MySQLi\Connection.php:201
Stack trace:
#0 C:\xampp\htdocs\Code Igniter\CI_Mahasiswa_Detail\system\Database\MySQLi\Connection.php(201): mysqli->real_connect('localhost', 'root', Object(SensitiveParameterValue), 'akademik_db', 3306, '', 0)
#1 C:\xampp\htdocs\Code Igniter\CI_Mahasiswa_Detail\system\Database\BaseConnection.php(419): CodeIgniter\Database\MySQLi\Connection->connect(false)
#2 C:\xampp\htdocs\Code Igniter\CI_Mahasiswa_Detail\system\Database\BaseConnection.php(614): CodeIgniter\Database\BaseConnection->initialize()
#3 C:\xampp\htdocs\Code Igniter\CI_Mahasiswa_Detail\system\Database\BaseBuilder.php(1649): CodeIgniter\Database\BaseConnection->query('SELECT *\nFROM `...', Array, false)
#4 C:\xampp\htdocs\Code Igniter\CI_Mahasiswa_Detail\system\Model.php(286): CodeIgniter\Database\BaseBuilder->get()
#5 C:\xampp\htdocs\Code Igniter\CI_Mahasiswa_Detail\system\BaseModel.php(677): CodeIgniter\Model->doFindAll(0, 0)
#6 C:\xampp\htdocs\Code Igniter\CI_Mahasiswa_Detail\app\Models\MahasiswaModel.php(13): CodeIgniter\BaseModel->findAll()
#7 C:\xampp\htdocs\Code Igniter\CI_Mahasiswa_Detail\app\Controllers\Mahasiswa.php(12): App\Models\MahasiswaModel->getMahasiswa()
#8 C:\xampp\htdocs\Code Igniter\CI_Mahasiswa_Detail\system\CodeIgniter.php(933): App\Controllers\Mahasiswa->display()
#9 C:\xampp\htdocs\Code Igniter\CI_Mahasiswa_Detail\system\CodeIgniter.php(507): CodeIgniter\CodeIgniter->runController(Object(App\Controllers\Mahasiswa))
#10 C:\xampp\htdocs\Code Igniter\CI_Mahasiswa_Detail\system\CodeIgniter.php(354): CodeIgniter\CodeIgniter->handleRequest(NULL, Object(Config\Cache), false)
#11 C:\xampp\htdocs\Code Igniter\CI_Mahasiswa_Detail\system\Boot.php(363): CodeIgniter\CodeIgniter->run()
#12 C:\xampp\htdocs\Code Igniter\CI_Mahasiswa_Detail\system\Boot.php(68): CodeIgniter\Boot::runCodeIgniter(Object(CodeIgniter\CodeIgniter))
#13 C:\xampp\htdocs\Code Igniter\CI_Mahasiswa_Detail\public\index.php(59): CodeIgniter\Boot::bootWeb(Object(Config\Paths))
#14 C:\xampp\htdocs\Code Igniter\CI_Mahasiswa_Detail\system\rewrite.php(44): require_once('C:\\xampp\\htdocs...')
#15 {main}

Next CodeIgniter\Database\Exceptions\DatabaseException: No connection could be made because the target machine actively refused it in C:\xampp\htdocs\Code Igniter\CI_Mahasiswa_Detail\system\Database\MySQLi\Connection.php:246
Stack trace:
#0 C:\xampp\htdocs\Code Igniter\CI_Mahasiswa_Detail\system\Database\BaseConnection.php(419): CodeIgniter\Database\MySQLi\Connection->connect(false)
#1 C:\xampp\htdocs\Code Igniter\CI_Mahasiswa_Detail\system\Database\BaseConnection.php(614): CodeIgniter\Database\BaseConnection->initialize()
#2 C:\xampp\htdocs\Code Igniter\CI_Mahasiswa_Detail\system\Database\BaseBuilder.php(1649): CodeIgniter\Database\BaseConnection->query('SELECT *\nFROM `...', Array, false)
#3 C:\xampp\htdocs\Code Igniter\CI_Mahasiswa_Detail\system\Model.php(286): CodeIgniter\Database\BaseBuilder->get()
#4 C:\xampp\htdocs\Code Igniter\CI_Mahasiswa_Detail\system\BaseModel.php(677): CodeIgniter\Model->doFindAll(0, 0)
#5 C:\xampp\htdocs\Code Igniter\CI_Mahasiswa_Detail\app\Models\MahasiswaModel.php(13): CodeIgniter\BaseModel->findAll()
#6 C:\xampp\htdocs\Code Igniter\CI_Mahasiswa_Detail\app\Controllers\Mahasiswa.php(12): App\Models\MahasiswaModel->getMahasiswa()
#7 C:\xampp\htdocs\Code Igniter\CI_Mahasiswa_Detail\system\CodeIgniter.php(933): App\Controllers\Mahasiswa->display()
#8 C:\xampp\htdocs\Code Igniter\CI_Mahasiswa_Detail\system\CodeIgniter.php(507): CodeIgniter\CodeIgniter->runController(Object(App\Controllers\Mahasiswa))
#9 C:\xampp\htdocs\Code Igniter\CI_Mahasiswa_Detail\system\CodeIgniter.php(354): CodeIgniter\CodeIgniter->handleRequest(NULL, Object(Config\Cache), false)
#10 C:\xampp\htdocs\Code Igniter\CI_Mahasiswa_Detail\system\Boot.php(363): CodeIgniter\CodeIgniter->run()
#11 C:\xampp\htdocs\Code Igniter\CI_Mahasiswa_Detail\system\Boot.php(68): CodeIgniter\Boot::runCodeIgniter(Object(CodeIgniter\CodeIgniter))
#12 C:\xampp\htdocs\Code Igniter\CI_Mahasiswa_Detail\public\index.php(59): CodeIgniter\Boot::bootWeb(Object(Config\Paths))
#13 C:\xampp\htdocs\Code Igniter\CI_Mahasiswa_Detail\system\rewrite.php(44): require_once('C:\\xampp\\htdocs...')
#14 {main}
CRITICAL - 2025-09-06 01:13:56 --> CodeIgniter\Database\Exceptions\DatabaseException: Unable to connect to the database.
Main connection [MySQLi]: No connection could be made because the target machine actively refused it
[Method: GET, Route: Mahasiswa]
in SYSTEMPATH\Database\BaseConnection.php on line 465.
 1 SYSTEMPATH\Database\BaseConnection.php(614): CodeIgniter\Database\BaseConnection->initialize()
 2 SYSTEMPATH\Database\BaseBuilder.php(1649): CodeIgniter\Database\BaseConnection->query('SELECT *
FROM `mahasiswa`', [], false)
 3 SYSTEMPATH\Model.php(286): CodeIgniter\Database\BaseBuilder->get()
 4 SYSTEMPATH\BaseModel.php(677): CodeIgniter\Model->doFindAll(0, 0)
 5 APPPATH\Models\MahasiswaModel.php(13): CodeIgniter\BaseModel->findAll()
 6 APPPATH\Controllers\Mahasiswa.php(12): App\Models\MahasiswaModel->getMahasiswa()
 7 SYSTEMPATH\CodeIgniter.php(933): App\Controllers\Mahasiswa->display()
 8 SYSTEMPATH\CodeIgniter.php(507): CodeIgniter\CodeIgniter->runController(Object(App\Controllers\Mahasiswa))
 9 SYSTEMPATH\CodeIgniter.php(354): CodeIgniter\CodeIgniter->handleRequest(null, Object(Config\Cache), false)
10 SYSTEMPATH\Boot.php(363): CodeIgniter\CodeIgniter->run()
11 SYSTEMPATH\Boot.php(68): CodeIgniter\Boot::runCodeIgniter(Object(CodeIgniter\CodeIgniter))
12 FCPATH\index.php(59): CodeIgniter\Boot::bootWeb(Object(Config\Paths))
13 SYSTEMPATH\rewrite.php(44): require_once('C:\\xampp\\htdocs\\Code Igniter\\CI_Mahasiswa_Detail\\public\\index.php')
