CRITICAL - 2025-09-05 06:04:36 --> TypeError: view(): Argument #2 ($data) must be of type array, string given, called in C:\xampp\htdocs\Code Igniter\CI_Template02\app\Controllers\Mahasiswa.php on line 14
[Method: GET, Route: mahasiswa]
in SYSTEMPATH\Common.php on line 1155.
 1 APPPATH\Controllers\Mahasiswa.php(14): view('Mahasiswa/mahasiswa', 'template', [...])
 2 SYSTEMPATH\CodeIgniter.php(933): App\Controllers\Mahasiswa->display()
 3 SYSTEMPATH\CodeIgniter.php(507): CodeIgniter\CodeIgniter->runController(Object(App\Controllers\Mahasiswa))
 4 SYSTEMPATH\CodeIgniter.php(354): CodeIgniter\CodeIgniter->handleRequest(null, Object(Config\Cache), false)
 5 SYSTEMPATH\Boot.php(363): CodeIgniter\CodeIgniter->run()
 6 SYSTEMPATH\Boot.php(68): CodeIgniter\Boot::runCodeIgniter(Object(CodeIgniter\CodeIgniter))
 7 FCPATH\index.php(59): CodeIgniter\Boot::bootWeb(Object(Config\Paths))
 8 SYSTEMPATH\rewrite.php(44): require_once('C:\\xampp\\htdocs\\Code Igniter\\CI_Template02\\public\\index.php')
CRITICAL - 2025-09-05 06:04:37 --> TypeError: view(): Argument #2 ($data) must be of type array, string given, called in C:\xampp\htdocs\Code Igniter\CI_Template02\app\Controllers\Mahasiswa.php on line 14
[Method: GET, Route: mahasiswa]
in SYSTEMPATH\Common.php on line 1155.
 1 APPPATH\Controllers\Mahasiswa.php(14): view('Mahasiswa/mahasiswa', 'template', [...])
 2 SYSTEMPATH\CodeIgniter.php(933): App\Controllers\Mahasiswa->display()
 3 SYSTEMPATH\CodeIgniter.php(507): CodeIgniter\CodeIgniter->runController(Object(App\Controllers\Mahasiswa))
 4 SYSTEMPATH\CodeIgniter.php(354): CodeIgniter\CodeIgniter->handleRequest(null, Object(Config\Cache), false)
 5 SYSTEMPATH\Boot.php(363): CodeIgniter\CodeIgniter->run()
 6 SYSTEMPATH\Boot.php(68): CodeIgniter\Boot::runCodeIgniter(Object(CodeIgniter\CodeIgniter))
 7 FCPATH\index.php(59): CodeIgniter\Boot::bootWeb(Object(Config\Paths))
 8 SYSTEMPATH\rewrite.php(44): require_once('C:\\xampp\\htdocs\\Code Igniter\\CI_Template02\\public\\index.php')
CRITICAL - 2025-09-05 06:11:44 --> ErrorException: Undefined variable $m
[Method: GET, Route: mahasiswa]
in APPPATH\Views\template.php on line 31.
 1 APPPATH\Views\template.php(31): CodeIgniter\Debug\Exceptions->errorHandler(2, 'Undefined variable $m', 'C:\\xampp\\htdocs\\Code Igniter\\CI_Template02\\app\\Views\\template.php', 31)
 2 SYSTEMPATH\View\View.php(226): include('C:\\xampp\\htdocs\\Code Igniter\\CI_Template02\\app\\Views\\template.php')
 3 SYSTEMPATH\View\View.php(229): CodeIgniter\View\View->CodeIgniter\View\{closure}()
 4 SYSTEMPATH\Common.php(1167): CodeIgniter\View\View->render('template', [], true)
 5 APPPATH\Controllers\Mahasiswa.php(18): view('template', [...])
 6 SYSTEMPATH\CodeIgniter.php(933): App\Controllers\Mahasiswa->display()
 7 SYSTEMPATH\CodeIgniter.php(507): CodeIgniter\CodeIgniter->runController(Object(App\Controllers\Mahasiswa))
 8 SYSTEMPATH\CodeIgniter.php(354): CodeIgniter\CodeIgniter->handleRequest(null, Object(Config\Cache), false)
 9 SYSTEMPATH\Boot.php(363): CodeIgniter\CodeIgniter->run()
10 SYSTEMPATH\Boot.php(68): CodeIgniter\Boot::runCodeIgniter(Object(CodeIgniter\CodeIgniter))
11 FCPATH\index.php(59): CodeIgniter\Boot::bootWeb(Object(Config\Paths))
12 SYSTEMPATH\rewrite.php(44): require_once('C:\\xampp\\htdocs\\Code Igniter\\CI_Template02\\public\\index.php')
CRITICAL - 2025-09-05 06:11:45 --> ErrorException: Undefined variable $m
[Method: GET, Route: mahasiswa]
in APPPATH\Views\template.php on line 31.
 1 APPPATH\Views\template.php(31): CodeIgniter\Debug\Exceptions->errorHandler(2, 'Undefined variable $m', 'C:\\xampp\\htdocs\\Code Igniter\\CI_Template02\\app\\Views\\template.php', 31)
 2 SYSTEMPATH\View\View.php(226): include('C:\\xampp\\htdocs\\Code Igniter\\CI_Template02\\app\\Views\\template.php')
 3 SYSTEMPATH\View\View.php(229): CodeIgniter\View\View->CodeIgniter\View\{closure}()
 4 SYSTEMPATH\Common.php(1167): CodeIgniter\View\View->render('template', [], true)
 5 APPPATH\Controllers\Mahasiswa.php(18): view('template', [...])
 6 SYSTEMPATH\CodeIgniter.php(933): App\Controllers\Mahasiswa->display()
 7 SYSTEMPATH\CodeIgniter.php(507): CodeIgniter\CodeIgniter->runController(Object(App\Controllers\Mahasiswa))
 8 SYSTEMPATH\CodeIgniter.php(354): CodeIgniter\CodeIgniter->handleRequest(null, Object(Config\Cache), false)
 9 SYSTEMPATH\Boot.php(363): CodeIgniter\CodeIgniter->run()
10 SYSTEMPATH\Boot.php(68): CodeIgniter\Boot::runCodeIgniter(Object(CodeIgniter\CodeIgniter))
11 FCPATH\index.php(59): CodeIgniter\Boot::bootWeb(Object(Config\Paths))
12 SYSTEMPATH\rewrite.php(44): require_once('C:\\xampp\\htdocs\\Code Igniter\\CI_Template02\\public\\index.php')
