CRITICAL - 2025-09-04 01:30:53 --> CodeIgniter\Exceptions\BadMethodCallException: Call to undefined method App\Models\UserModel::getUserByUsername
[Method: POST, Route: login/auth]
in SYSTEMPATH\Model.php on line 927.
 1 APPPATH\Controllers\Login.php(27): CodeIgniter\Model->__call('getUserByUsername', [...])
 2 SYSTEMPATH\CodeIgniter.php(933): App\Controllers\Login->auth()
 3 SYSTEMPATH\CodeIgniter.php(507): CodeIgniter\CodeIgniter->runController(Object(App\Controllers\Login))
 4 SYSTEMPATH\CodeIgniter.php(354): CodeIgniter\CodeIgniter->handleRequest(null, Object(Config\Cache), false)
 5 SYSTEMPATH\Boot.php(363): CodeIgniter\CodeIgniter->run()
 6 SYSTEMPATH\Boot.php(68): CodeIgniter\Boot::runCodeIgniter(Object(CodeIgniter\CodeIgniter))
 7 FCPATH\index.php(59): CodeIgniter\Boot::bootWeb(Object(Config\Paths))
 8 SYSTEMPATH\rewrite.php(44): require_once('C:\\xampp\\htdocs\\Code Igniter\\CI_Login\\public\\index.php')
CRITICAL - 2025-09-04 01:31:21 --> CodeIgniter\Exceptions\BadMethodCallException: Call to undefined method App\Models\UserModel::getUserByUsername
[Method: POST, Route: login/auth]
in SYSTEMPATH\Model.php on line 927.
 1 APPPATH\Controllers\Login.php(27): CodeIgniter\Model->__call('getUserByUsername', [...])
 2 SYSTEMPATH\CodeIgniter.php(933): App\Controllers\Login->auth()
 3 SYSTEMPATH\CodeIgniter.php(507): CodeIgniter\CodeIgniter->runController(Object(App\Controllers\Login))
 4 SYSTEMPATH\CodeIgniter.php(354): CodeIgniter\CodeIgniter->handleRequest(null, Object(Config\Cache), false)
 5 SYSTEMPATH\Boot.php(363): CodeIgniter\CodeIgniter->run()
 6 SYSTEMPATH\Boot.php(68): CodeIgniter\Boot::runCodeIgniter(Object(CodeIgniter\CodeIgniter))
 7 FCPATH\index.php(59): CodeIgniter\Boot::bootWeb(Object(Config\Paths))
 8 SYSTEMPATH\rewrite.php(44): require_once('C:\\xampp\\htdocs\\Code Igniter\\CI_Login\\public\\index.php')
CRITICAL - 2025-09-04 01:31:43 --> CodeIgniter\Exceptions\BadMethodCallException: Call to undefined method App\Models\UserModel::getUserByUsername
[Method: POST, Route: login/auth]
in SYSTEMPATH\Model.php on line 927.
 1 APPPATH\Controllers\Login.php(27): CodeIgniter\Model->__call('getUserByUsername', [...])
 2 SYSTEMPATH\CodeIgniter.php(933): App\Controllers\Login->auth()
 3 SYSTEMPATH\CodeIgniter.php(507): CodeIgniter\CodeIgniter->runController(Object(App\Controllers\Login))
 4 SYSTEMPATH\CodeIgniter.php(354): CodeIgniter\CodeIgniter->handleRequest(null, Object(Config\Cache), false)
 5 SYSTEMPATH\Boot.php(363): CodeIgniter\CodeIgniter->run()
 6 SYSTEMPATH\Boot.php(68): CodeIgniter\Boot::runCodeIgniter(Object(CodeIgniter\CodeIgniter))
 7 FCPATH\index.php(59): CodeIgniter\Boot::bootWeb(Object(Config\Paths))
 8 SYSTEMPATH\rewrite.php(44): require_once('C:\\xampp\\htdocs\\Code Igniter\\CI_Login\\public\\index.php')
